# JRE version: OpenJDK Runtime Environment (8.0_222-b10) (build 1.8.0_222-8u222-b10-1ubuntu1~18.04.1-b10)
# Java VM: OpenJDK 64-Bit Server VM (25.222-b10 mixed mode linux-amd64 compressed oops)
Heap:
 PSYoungGen      total 130560K, used 109124K [0x000000076df00000, 0x0000000777f80000, 0x00000007c0000000)
  eden space 120320K, 83% used [0x000000076df00000,0x0000000774099450,0x0000000775480000)
  from space 10240K, 89% used [0x0000000775480000,0x0000000775d77ef8,0x0000000775e80000)
  to   space 12288K, 67% used [0x0000000777380000,0x0000000777ba63e0,0x0000000777f80000)
 ParOldGen       total 104448K, used 8667K [0x00000006c9c00000, 0x00000006d0200000, 0x000000076df00000)
  object space 104448K, 8% used [0x00000006c9c00000,0x00000006ca476fc8,0x00000006d0200000)
 Metaspace       used 33706K, capacity 35364K, committed 35416K, reserved 1079296K
  class space    used 4377K, capacity 4694K, committed 4736K, reserved 1048576K
GC Heap History (10 events):
Event: 2.188 GC heap after
Heap after GC invocations=2 (full 0):
 PSYoungGen      total 74240K, used 7241K [0x000000076df00000, 0x0000000777000000, 0x00000007c0000000)
  eden space 64000K, 0% used [0x000000076df00000,0x000000076df00000,0x0000000771d80000)
  from space 10240K, 70% used [0x0000000772780000,0x0000000772e925b8,0x0000000773180000)
  to   space 10240K, 0% used [0x0000000771d80000,0x0000000771d80000,0x0000000772780000)
 ParOldGen       total 169472K, used 24K [0x00000006c9c00000, 0x00000006d4180000, 0x000000076df00000)
  object space 169472K, 0% used [0x00000006c9c00000,0x00000006c9c06000,0x00000006d4180000)
 Metaspace       used 15668K, capacity 16184K, committed 16256K, reserved 1062912K
  class space    used 1986K, capacity 2144K, committed 2176K, reserved 1048576K
}
Event: 2.969 GC heap before
{Heap before GC invocations=3 (full 0):
 PSYoungGen      total 74240K, used 57856K [0x000000076df00000, 0x0000000777000000, 0x00000007c0000000)
  eden space 64000K, 79% used [0x000000076df00000,0x000000077106daf8,0x0000000771d80000)
  from space 10240K, 70% used [0x0000000772780000,0x0000000772e925b8,0x0000000773180000)
  to   space 10240K, 0% used [0x0000000771d80000,0x0000000771d80000,0x0000000772780000)
 ParOldGen       total 169472K, used 24K [0x00000006c9c00000, 0x00000006d4180000, 0x000000076df00000)
  object space 169472K, 0% used [0x00000006c9c00000,0x00000006c9c06000,0x00000006d4180000)
 Metaspace       used 20578K, capacity 21158K, committed 21248K, reserved 1067008K
  class space    used 2594K, capacity 2765K, committed 2816K, reserved 1048576K
Event: 2.988 GC heap after
Heap after GC invocations=3 (full 0):
 PSYoungGen      total 74240K, used 8964K [0x000000076df00000, 0x0000000777000000, 0x00000007c0000000)
  eden space 64000K, 0% used [0x000000076df00000,0x000000076df00000,0x0000000771d80000)
  from space 10240K, 87% used [0x0000000771d80000,0x0000000772641240,0x0000000772780000)
  to   space 10240K, 0% used [0x0000000776600000,0x0000000776600000,0x0000000777000000)
 ParOldGen       total 169472K, used 32K [0x00000006c9c00000, 0x00000006d4180000, 0x000000076df00000)
  object space 169472K, 0% used [0x00000006c9c00000,0x00000006c9c08000,0x00000006d4180000)
 Metaspace       used 20578K, capacity 21158K, committed 21248K, reserved 1067008K
  class space    used 2594K, capacity 2765K, committed 2816K, reserved 1048576K
}
Event: 2.988 GC heap before
{Heap before GC invocations=4 (full 1):
 PSYoungGen      total 74240K, used 8964K [0x000000076df00000, 0x0000000777000000, 0x00000007c0000000)
  eden space 64000K, 0% used [0x000000076df00000,0x000000076df00000,0x0000000771d80000)
  from space 10240K, 87% used [0x0000000771d80000,0x0000000772641240,0x0000000772780000)
  to   space 10240K, 0% used [0x0000000776600000,0x0000000776600000,0x0000000777000000)
 ParOldGen       total 169472K, used 32K [0x00000006c9c00000, 0x00000006d4180000, 0x000000076df00000)
  object space 169472K, 0% used [0x00000006c9c00000,0x00000006c9c08000,0x00000006d4180000)
 Metaspace       used 20578K, capacity 21158K, committed 21248K, reserved 1067008K
  class space    used 2594K, capacity 2765K, committed 2816K, reserved 1048576K
Event: 3.045 GC heap after
Heap after GC invocations=4 (full 1):
 PSYoungGen      total 74240K, used 0K [0x000000076df00000, 0x0000000777000000, 0x00000007c0000000)
  eden space 64000K, 0% used [0x000000076df00000,0x000000076df00000,0x0000000771d80000)
  from space 10240K, 0% used [0x0000000771d80000,0x0000000771d80000,0x0000000772780000)
  to   space 10240K, 0% used [0x0000000776600000,0x0000000776600000,0x0000000777000000)
 ParOldGen       total 104448K, used 8651K [0x00000006c9c00000, 0x00000006d0200000, 0x000000076df00000)
  object space 104448K, 8% used [0x00000006c9c00000,0x00000006ca472fc8,0x00000006d0200000)
 Metaspace       used 20578K, capacity 21158K, committed 21248K, reserved 1067008K
  class space    used 2594K, capacity 2765K, committed 2816K, reserved 1048576K
}
Event: 3.342 GC heap before
{Heap before GC invocations=5 (full 1):
 PSYoungGen      total 74240K, used 64000K [0x000000076df00000, 0x0000000777000000, 0x00000007c0000000)
  eden space 64000K, 100% used [0x000000076df00000,0x0000000771d80000,0x0000000771d80000)
  from space 10240K, 0% used [0x0000000771d80000,0x0000000771d80000,0x0000000772780000)
  to   space 10240K, 0% used [0x0000000776600000,0x0000000776600000,0x0000000777000000)
 ParOldGen       total 104448K, used 8651K [0x00000006c9c00000, 0x00000006d0200000, 0x000000076df00000)
  object space 104448K, 8% used [0x00000006c9c00000,0x00000006ca472fc8,0x00000006d0200000)
 Metaspace       used 21772K, capacity 22446K, committed 22656K, reserved 1069056K
  class space    used 2734K, capacity 2925K, committed 2944K, reserved 1048576K
Event: 3.346 GC heap after
Heap after GC invocations=5 (full 1):
 PSYoungGen      total 97792K, used 2292K [0x000000076df00000, 0x0000000776880000, 0x00000007c0000000)
  eden space 95232K, 0% used [0x000000076df00000,0x000000076df00000,0x0000000773c00000)
  from space 2560K, 89% used [0x0000000776600000,0x000000077683d3c0,0x0000000776880000)
  to   space 10240K, 0% used [0x0000000775480000,0x0000000775480000,0x0000000775e80000)
 ParOldGen       total 104448K, used 8659K [0x00000006c9c00000, 0x00000006d0200000, 0x000000076df00000)
  object space 104448K, 8% used [0x00000006c9c00000,0x00000006ca474fc8,0x00000006d0200000)
 Metaspace       used 21772K, capacity 22446K, committed 22656K, reserved 1069056K
  class space    used 2734K, capacity 2925K, committed 2944K, reserved 1048576K
}
Event: 4.560 GC heap before
{Heap before GC invocations=6 (full 1):
 PSYoungGen      total 97792K, used 97524K [0x000000076df00000, 0x0000000776880000, 0x00000007c0000000)
  eden space 95232K, 100% used [0x000000076df00000,0x0000000773c00000,0x0000000773c00000)
  from space 2560K, 89% used [0x0000000776600000,0x000000077683d3c0,0x0000000776880000)
  to   space 10240K, 0% used [0x0000000775480000,0x0000000775480000,0x0000000775e80000)
 ParOldGen       total 104448K, used 8659K [0x00000006c9c00000, 0x00000006d0200000, 0x000000076df00000)
  object space 104448K, 8% used [0x00000006c9c00000,0x00000006ca474fc8,0x00000006d0200000)
 Metaspace       used 27739K, capacity 29308K, committed 29568K, reserved 1075200K
  class space    used 3590K, capacity 3888K, committed 3968K, reserved 1048576K
Event: 4.577 GC heap after
Heap after GC invocations=6 (full 1):
 PSYoungGen      total 130560K, used 9183K [0x000000076df00000, 0x0000000777f80000, 0x00000007c0000000)
  eden space 120320K, 0% used [0x000000076df00000,0x000000076df00000,0x0000000775480000)
  from space 10240K, 89% used [0x0000000775480000,0x0000000775d77ef8,0x0000000775e80000)
  to   space 12288K, 0% used [0x0000000777380000,0x0000000777380000,0x0000000777f80000)
 ParOldGen       total 104448K, used 8659K [0x00000006c9c00000, 0x00000006d0200000, 0x000000076df00000)
  object space 104448K, 8% used [0x00000006c9c00000,0x00000006ca474fc8,0x00000006d0200000)
 Metaspace       used 27739K, capacity 29308K, committed 29568K, reserved 1075200K
  class space    used 3590K, capacity 3888K, committed 3968K, reserved 1048576K
}
Event: 5.232 GC heap before
{Heap before GC invocations=7 (full 1):
 PSYoungGen      total 130560K, used 109124K [0x000000076df00000, 0x0000000777f80000, 0x00000007c0000000)
  eden space 120320K, 83% used [0x000000076df00000,0x0000000774099450,0x0000000775480000)
  from space 10240K, 89% used [0x0000000775480000,0x0000000775d77ef8,0x0000000775e80000)
  to   space 12288K, 0% used [0x0000000777380000,0x0000000777380000,0x0000000777f80000)
 ParOldGen       total 104448K, used 8659K [0x00000006c9c00000, 0x00000006d0200000, 0x000000076df00000)
  object space 104448K, 8% used [0x00000006c9c00000,0x00000006ca474fc8,0x00000006d0200000)
 Metaspace       used 33706K, capacity 35364K, committed 35416K, reserved 1079296K
  class space    used 4377K, capacity 4694K, committed 4736K, reserved 1048576K

