# JRE version: OpenJDK Runtime Environment (8.0_222-b10) (build 1.8.0_222-8u222-b10-1ubuntu1~18.04.1-b10)
# Java VM: OpenJDK 64-Bit Server VM (25.222-b10 mixed mode linux-amd64 compressed oops)
Heap:
 PSYoungGen      total 133632K, used 6215K [0x000000076df00000, 0x0000000779f80000, 0x00000007c0000000)
  eden space 121856K, 5% used [0x000000076df00000,0x000000076e511ea8,0x0000000775600000)
  from space 11776K, 0% used [0x0000000776300000,0x0000000776300000,0x0000000776e80000)
  to   space 13312K, 0% used [0x0000000775600000,0x0000000775600000,0x0000000776300000)
 ParOldGen       total 182784K, used 14864K [0x00000006c9c00000, 0x00000006d4e80000, 0x000000076df00000)
  object space 182784K, 8% used [0x00000006c9c00000,0x00000006caa84308,0x00000006d4e80000)
 Metaspace       used 33997K, capacity 35710K, committed 36056K, reserved 1081344K
  class space    used 4456K, capacity 4763K, committed 4864K, reserved 1048576K
GC Heap History (10 events):
Event: 2.287 GC heap before
{Heap before GC invocations=4 (full 1):
 PSYoungGen      total 74240K, used 9044K [0x000000076df00000, 0x0000000777000000, 0x00000007c0000000)
  eden space 64000K, 0% used [0x000000076df00000,0x000000076df00000,0x0000000771d80000)
  from space 10240K, 88% used [0x0000000771d80000,0x0000000772655008,0x0000000772780000)
  to   space 10240K, 0% used [0x0000000776600000,0x0000000776600000,0x0000000777000000)
 ParOldGen       total 169472K, used 51K [0x00000006c9c00000, 0x00000006d4180000, 0x000000076df00000)
  object space 169472K, 0% used [0x00000006c9c00000,0x00000006c9c0ccb0,0x00000006d4180000)
 Metaspace       used 20564K, capacity 21172K, committed 21248K, reserved 1067008K
  class space    used 2598K, capacity 2766K, committed 2816K, reserved 1048576K
Event: 2.332 GC heap after
Heap after GC invocations=4 (full 1):
 PSYoungGen      total 74240K, used 0K [0x000000076df00000, 0x0000000777000000, 0x00000007c0000000)
  eden space 64000K, 0% used [0x000000076df00000,0x000000076df00000,0x0000000771d80000)
  from space 10240K, 0% used [0x0000000771d80000,0x0000000771d80000,0x0000000772780000)
  to   space 10240K, 0% used [0x0000000776600000,0x0000000776600000,0x0000000777000000)
 ParOldGen       total 110080K, used 8658K [0x00000006c9c00000, 0x00000006d0780000, 0x000000076df00000)
  object space 110080K, 7% used [0x00000006c9c00000,0x00000006ca474838,0x00000006d0780000)
 Metaspace       used 20564K, capacity 21172K, committed 21248K, reserved 1067008K
  class space    used 2598K, capacity 2766K, committed 2816K, reserved 1048576K
}
Event: 2.566 GC heap before
{Heap before GC invocations=5 (full 1):
 PSYoungGen      total 74240K, used 64000K [0x000000076df00000, 0x0000000777000000, 0x00000007c0000000)
  eden space 64000K, 100% used [0x000000076df00000,0x0000000771d80000,0x0000000771d80000)
  from space 10240K, 0% used [0x0000000771d80000,0x0000000771d80000,0x0000000772780000)
  to   space 10240K, 0% used [0x0000000776600000,0x0000000776600000,0x0000000777000000)
 ParOldGen       total 110080K, used 8658K [0x00000006c9c00000, 0x00000006d0780000, 0x000000076df00000)
  object space 110080K, 7% used [0x00000006c9c00000,0x00000006ca474838,0x00000006d0780000)
 Metaspace       used 21796K, capacity 22488K, committed 22656K, reserved 1069056K
  class space    used 2737K, capacity 2930K, committed 2944K, reserved 1048576K
Event: 2.569 GC heap after
Heap after GC invocations=5 (full 1):
 PSYoungGen      total 92160K, used 2366K [0x000000076df00000, 0x0000000776880000, 0x00000007c0000000)
  eden space 89600K, 0% used [0x000000076df00000,0x000000076df00000,0x0000000773680000)
  from space 2560K, 92% used [0x0000000776600000,0x000000077684f8e0,0x0000000776880000)
  to   space 10240K, 0% used [0x0000000775480000,0x0000000775480000,0x0000000775e80000)
 ParOldGen       total 110080K, used 8666K [0x00000006c9c00000, 0x00000006d0780000, 0x000000076df00000)
  object space 110080K, 7% used [0x00000006c9c00000,0x00000006ca476838,0x00000006d0780000)
 Metaspace       used 21796K, capacity 22488K, committed 22656K, reserved 1069056K
  class space    used 2737K, capacity 2930K, committed 2944K, reserved 1048576K
}
Event: 3.759 GC heap before
{Heap before GC invocations=6 (full 1):
 PSYoungGen      total 92160K, used 91966K [0x000000076df00000, 0x0000000776880000, 0x00000007c0000000)
  eden space 89600K, 100% used [0x000000076df00000,0x0000000773680000,0x0000000773680000)
  from space 2560K, 92% used [0x0000000776600000,0x000000077684f8e0,0x0000000776880000)
  to   space 10240K, 0% used [0x0000000775480000,0x0000000775480000,0x0000000775e80000)
 ParOldGen       total 110080K, used 8666K [0x00000006c9c00000, 0x00000006d0780000, 0x000000076df00000)
  object space 110080K, 7% used [0x00000006c9c00000,0x00000006ca476838,0x00000006d0780000)
 Metaspace       used 27652K, capacity 29220K, committed 29312K, reserved 1075200K
  class space    used 3584K, capacity 3886K, committed 3968K, reserved 1048576K
Event: 3.770 GC heap after
Heap after GC invocations=6 (full 1):
 PSYoungGen      total 130560K, used 8921K [0x000000076df00000, 0x0000000776e80000, 0x00000007c0000000)
  eden space 120320K, 0% used [0x000000076df00000,0x000000076df00000,0x0000000775480000)
  from space 10240K, 87% used [0x0000000775480000,0x0000000775d36780,0x0000000775e80000)
  to   space 11776K, 0% used [0x0000000776300000,0x0000000776300000,0x0000000776e80000)
 ParOldGen       total 110080K, used 8674K [0x00000006c9c00000, 0x00000006d0780000, 0x000000076df00000)
  object space 110080K, 7% used [0x00000006c9c00000,0x00000006ca478838,0x00000006d0780000)
 Metaspace       used 27652K, capacity 29220K, committed 29312K, reserved 1075200K
  class space    used 3584K, capacity 3886K, committed 3968K, reserved 1048576K
}
Event: 4.417 GC heap before
{Heap before GC invocations=7 (full 1):
 PSYoungGen      total 130560K, used 107227K [0x000000076df00000, 0x0000000776e80000, 0x00000007c0000000)
  eden space 120320K, 81% used [0x000000076df00000,0x0000000773f00508,0x0000000775480000)
  from space 10240K, 87% used [0x0000000775480000,0x0000000775d36780,0x0000000775e80000)
  to   space 11776K, 0% used [0x0000000776300000,0x0000000776300000,0x0000000776e80000)
 ParOldGen       total 110080K, used 8674K [0x00000006c9c00000, 0x00000006d0780000, 0x000000076df00000)
  object space 110080K, 7% used [0x00000006c9c00000,0x00000006ca478838,0x00000006d0780000)
 Metaspace       used 33633K, capacity 35324K, committed 35416K, reserved 1079296K
  class space    used 4364K, capacity 4698K, committed 4736K, reserved 1048576K
Event: 4.430 GC heap after
Heap after GC invocations=7 (full 1):
 PSYoungGen      total 133632K, used 10624K [0x000000076df00000, 0x0000000779f80000, 0x00000007c0000000)
  eden space 121856K, 0% used [0x000000076df00000,0x000000076df00000,0x0000000775600000)
  from space 11776K, 90% used [0x0000000776300000,0x0000000776d60348,0x0000000776e80000)
  to   space 13312K, 0% used [0x0000000775600000,0x0000000775600000,0x0000000776300000)
 ParOldGen       total 110080K, used 8682K [0x00000006c9c00000, 0x00000006d0780000, 0x000000076df00000)
  object space 110080K, 7% used [0x00000006c9c00000,0x00000006ca47a838,0x00000006d0780000)
 Metaspace       used 33633K, capacity 35324K, committed 35416K, reserved 1079296K
  class space    used 4364K, capacity 4698K, committed 4736K, reserved 1048576K
}
Event: 4.430 GC heap before
{Heap before GC invocations=8 (full 2):
 PSYoungGen      total 133632K, used 10624K [0x000000076df00000, 0x0000000779f80000, 0x00000007c0000000)
  eden space 121856K, 0% used [0x000000076df00000,0x000000076df00000,0x0000000775600000)
  from space 11776K, 90% used [0x0000000776300000,0x0000000776d60348,0x0000000776e80000)
  to   space 13312K, 0% used [0x0000000775600000,0x0000000775600000,0x0000000776300000)
 ParOldGen       total 110080K, used 8682K [0x00000006c9c00000, 0x00000006d0780000, 0x000000076df00000)
  object space 110080K, 7% used [0x00000006c9c00000,0x00000006ca47a838,0x00000006d0780000)
 Metaspace       used 33633K, capacity 35324K, committed 35416K, reserved 1079296K
  class space    used 4364K, capacity 4698K, committed 4736K, reserved 1048576K
Event: 4.499 GC heap after
Heap after GC invocations=8 (full 2):
 PSYoungGen      total 133632K, used 0K [0x000000076df00000, 0x0000000779f80000, 0x00000007c0000000)
  eden space 121856K, 0% used [0x000000076df00000,0x000000076df00000,0x0000000775600000)
  from space 11776K, 0% used [0x0000000776300000,0x0000000776300000,0x0000000776e80000)
  to   space 13312K, 0% used [0x0000000775600000,0x0000000775600000,0x0000000776300000)
 ParOldGen       total 182784K, used 14864K [0x00000006c9c00000, 0x00000006d4e80000, 0x000000076df00000)
  object space 182784K, 8% used [0x00000006c9c00000,0x00000006caa84308,0x00000006d4e80000)
 Metaspace       used 33633K, capacity 35324K, committed 35416K, reserved 1079296K
  class space    used 4364K, capacity 4698K, committed 4736K, reserved 1048576K
}

